<?xml version="1.0" encoding="utf-8"?><testsuites name="pytest tests"><testsuite name="pytest" errors="0" failures="0" skipped="0" tests="12" time="91.632" timestamp="2026-04-23T08:02:18.202996+00:00" hostname="agent-env-72a02322-ac7b-4041-b48b-e3fabfd10661"><testcase classname="backend.tests.test_portfolio_roast" name="test_root" time="0.296" /><testcase classname="backend.tests.test_portfolio_roast" name="test_eligibility_new_email" time="0.055" /><testcase classname="backend.tests.test_portfolio_roast" name="test_create_order_success" time="29.070" /><testcase classname="backend.tests.test_portfolio_roast" name="test_verify_invalid_signature" time="24.549" /><testcase classname="backend.tests.test_portfolio_roast" name="test_generate_no_url_no_text" time="0.046" /><testcase classname="backend.tests.test_portfolio_roast" name="test_generate_short_text" time="0.052" /><testcase classname="backend.tests.test_portfolio_roast" name="test_free_roast_structure" time="20.838" /><testcase classname="backend.tests.test_portfolio_roast" name="test_get_roast_by_id" time="0.047" /><testcase classname="backend.tests.test_portfolio_roast" name="test_get_roast_404" time="0.046" /><testcase classname="backend.tests.test_portfolio_roast" name="test_eligibility_after_free_used" time="0.045" /><testcase classname="backend.tests.test_portfolio_roast" name="test_second_roast_requires_payment" time="0.043" /><testcase classname="backend.tests.test_portfolio_roast" name="test_invalid_url_with_valid_text" time="16.469" /></testsuite></testsuites>